{"name": "test_valid_email_empty_password", "status": "failed", "statusDetails": {"message": "AssertionError: assert False\n +  where False = check_account('tamar.samara@gmail.com', 'tttttt')", "trace": "account = {'email': 'tamar.samara@gmail.com', 'password': '12345'}\n\n    @pytest.mark.failed\n    def test_valid_email_empty_password(account):\n        \"\"\"\n        Check valid email and empty password\n        Error message: \"Password is required.\"\n        failed\n        \"\"\"\n        logging.info(\"Successful Login\")\n        logging.warning(\"Error message: Password is required.\")\n>       assert check_account(account[\"email\"], \"tttttt\")\nE       AssertionError: assert False\nE        +  where False = check_account('tamar.samara@gmail.com', 'tttttt')\n\ntests\\test_page_authentication.py:90: AssertionError"}, "description": "\n    Check valid email and empty password\n    Error message: \"Password is required.\"\n    failed\n    ", "attachments": [{"name": "log", "source": "e6c0549e-0c18-4279-a172-891382594bf0-attachment.txt", "type": "text/plain"}], "start": 1660854178107, "stop": 1660854200471, "uuid": "2d4b9217-f02f-4772-b744-4f51755e5a2b", "historyId": "75881e2d8cd8f1952aa9f10de2f0c2e8", "testCaseId": "f5da6c4b2c142b218cba74ba135c7bfb", "fullName": "tests.test_page_authentication#test_valid_email_empty_password", "labels": [{"name": "tag", "value": "failed"}, {"name": "parentSuite", "value": "tests"}, {"name": "suite", "value": "test_page_authentication"}, {"name": "host", "value": "tamar1"}, {"name": "thread", "value": "25568-MainThread"}, {"name": "framework", "value": "pytest"}, {"name": "language", "value": "cpython3"}, {"name": "package", "value": "tests.test_page_authentication"}]}