{"name": "test_empty_email_valid_password", "status": "failed", "statusDetails": {"message": "AssertionError: assert False\n +  where False = check_account('', '12345')", "trace": "account = {'email': 'tamar.samara@gmail.com', 'password': '12345'}\n\n    @pytest.mark.failed\n    def test_empty_email_valid_password(account):\n        \"\"\"\n        Check empty email and valid password\n        Error message: \"An email address required.\"\n        failed\n        \"\"\"\n        logging.info(\"Successful Login\")\n        logging.warning(\"Error message: An email address required.\")\n>       assert check_account(\"\", account[\"password\"])\nE       AssertionError: assert False\nE        +  where False = check_account('', '12345')\n\ntests\\test_page_authentication.py:114: AssertionError"}, "description": "\n    Check empty email and valid password\n    Error message: \"An email address required.\"\n    failed\n    ", "attachments": [{"name": "log", "source": "5832656f-f1e8-4ffb-bc6e-856da38c1e9b-attachment.txt", "type": "text/plain"}], "start": 1660854220292, "stop": 1660854282045, "uuid": "2715dcfc-a212-4705-a862-dec9a979da81", "historyId": "167cb5ea6d14cee83a65d5144e31fc76", "testCaseId": "87b4e3199089a656fe5f2fe8670581a8", "fullName": "tests.test_page_authentication#test_empty_email_valid_password", "labels": [{"name": "tag", "value": "failed"}, {"name": "parentSuite", "value": "tests"}, {"name": "suite", "value": "test_page_authentication"}, {"name": "host", "value": "tamar1"}, {"name": "thread", "value": "25568-MainThread"}, {"name": "framework", "value": "pytest"}, {"name": "language", "value": "cpython3"}, {"name": "package", "value": "tests.test_page_authentication"}]}